#
# A fatal error has been detected by the Java Runtime Environment:
#
#  EXCEPTION_ACCESS_VIOLATION (0xc0000005) at pc=0x00007ff8b6d02014, pid=1248, tid=0x00000000000022e8
#
# JRE version: Java(TM) SE Runtime Environment (8.0_131-b11) (build 1.8.0_131-b11)
# Java VM: Java HotSpot(TM) 64-Bit Server VM (25.131-b11 mixed mode windows-amd64 compressed oops)
# Problematic frame:
# C  [MemDBApi.dll+0x2014]
#
# Failed to write core dump. Minidumps are not enabled by default on client versions of Windows
#
# If you would like to submit a bug report, please visit:
#   http://bugreport.java.com/bugreport/crash.jsp
# The crash happened outside the Java Virtual Machine in native code.
# See problematic frame for where to report the bug.
#

---------------  T H R E A D  ---------------

Current thread (0x0000000020ae0000):  JavaThread "http-nio-8080-exec-3" daemon [_thread_in_native, id=8936, stack(0x0000000025de0000,0x0000000025ee0000)]

siginfo: ExceptionCode=0xc0000005, reading address 0x00000000001def94

Registers:
RAX=0x0000000000000000, RBX=0x00007ff8b6d11358, RCX=0x00007ff8b6d0200d, RDX=0x00007ff8b6d00000
RSP=0x0000000025edca00, RBP=0x0000000025edca60, RSI=0x000000000000001a, RDI=0x0000000000000004
R8 =0x0000000025edc930, R9 =0x0000000000000000, R10=0x000000001c629260, R11=0x0000000025edc8d0
R12=0x0000000000000000, R13=0x00000000229af698, R14=0x0000000025edcb28, R15=0x0000000020ae0000
RIP=0x00007ff8b6d02014, EFLAGS=0x0000000000010202

Top of Stack: (sp=0x0000000025edca00)
0x0000000025edca00:   000014428d0c6053 00007ff8b7f61232
0x0000000025edca10:   0000000000000049 00000000ffffffff
0x0000000025edca20:   0000000000000049 00007ff8b7f619d9
0x0000000025edca30:   000000000000001a 0000000025edcb00
0x0000000025edca40:   00000000ffffffff 000000000000001a
0x0000000025edca50:   fffffffffffffffe 00000000027e0d60
0x0000000025edca60:   52502e42446d654d 0000000020ae0000
0x0000000025edca70:   0000000000000008 000000000000000f
0x0000000025edca80:   00000000229af698 00000000027e100c
0x0000000025edca90:   0000000020ae0000 00000000229af698
0x0000000025edcaa0:   0000000000000049 0000000020ae0000
0x0000000025edcab0:   0000000025edcba0 00000000027e0b91
0x0000000025edcac0:   0000000025edcac0 00000000229af698
0x0000000025edcad0:   0000000025edcb28 00000000229b1b18
0x0000000025edcae0:   0000000000000000 00000000229af698
0x0000000025edcaf0:   0000000000000000 0000000025edcb20 

Instructions: (pc=0x00007ff8b6d02014)
0x00007ff8b6d01ff4:   8b 84 b0 2c ef 1d 00 eb a0 48 8b 05 1c f9 00 00
0x00007ff8b6d02004:   8b 84 b0 2c ef 1d 00 eb 90 48 8b 05 14 f9 00 00
0x00007ff8b6d02014:   8b 84 b0 2c ef 1d 00 eb 80 48 8b 05 0c f9 00 00
0x00007ff8b6d02024:   8b 84 b0 2c ef 1d 00 e9 6d ff ff ff cd 1f 00 00 


Register to memory mapping:

RAX=0x0000000000000000 is an unknown value
RBX=0x00007ff8b6d11358 is an unknown value
RCX=0x00007ff8b6d0200d is an unknown value
RDX=0x00007ff8b6d00000 is an unknown value
RSP=0x0000000025edca00 is pointing into the stack for thread: 0x0000000020ae0000
RBP=0x0000000025edca60 is pointing into the stack for thread: 0x0000000020ae0000
RSI=0x000000000000001a is an unknown value
RDI=0x0000000000000004 is an unknown value
R8 =0x0000000025edc930 is pointing into the stack for thread: 0x0000000020ae0000
R9 =0x0000000000000000 is an unknown value
R10=0x000000001c629260 is an unknown value
R11=0x0000000025edc8d0 is pointing into the stack for thread: 0x0000000020ae0000
R12=0x0000000000000000 is an unknown value
R13={method} {0x00000000229af6a0} 'getTableRecordNum' '(Ljava/lang/String;I)I' in 'com/ZhongND/memdb/JMemDBApi'
R14=0x0000000025edcb28 is pointing into the stack for thread: 0x0000000020ae0000
R15=0x0000000020ae0000 is a thread


Stack: [0x0000000025de0000,0x0000000025ee0000],  sp=0x0000000025edca00,  free space=1010k
Native frames: (J=compiled Java code, j=interpreted, Vv=VM code, C=native code)
C  [MemDBApi.dll+0x2014]
C  [MemDBJniApi.dll+0x19d9]
C  0x00000000027e100c

Java frames: (J=compiled Java code, j=interpreted, Vv=VM code)
j  com.ZhongND.memdb.JMemDBApi.getTableRecordNum(Ljava/lang/String;I)I+0
j  com.znd.ei.memdb.dao.MemDbReprositoryImp.findAllRecords(Lcom/znd/ei/memdb/domain/MemTable;)Ljava/util/List;+7
j  com.znd.ei.memdb.dao.MemDbReprositoryImp$$FastClassBySpringCGLIB$$7c1e7b7.invoke(ILjava/lang/Object;[Ljava/lang/Object;)Ljava/lang/Object;+100
j  org.springframework.cglib.proxy.MethodProxy.invoke(Ljava/lang/Object;[Ljava/lang/Object;)Ljava/lang/Object;+19
j  org.springframework.aop.framework.CglibAopProxy$CglibMethodInvocation.invokeJoinpoint()Ljava/lang/Object;+19
j  org.springframework.aop.framework.ReflectiveMethodInvocation.proceed()Ljava/lang/Object;+19
j  org.springframework.dao.support.PersistenceExceptionTranslationInterceptor.invoke(Lorg/aopalliance/intercept/MethodInvocation;)Ljava/lang/Object;+1
j  org.springframework.aop.framework.ReflectiveMethodInvocation.proceed()Ljava/lang/Object;+101
j  org.springframework.aop.framework.CglibAopProxy$DynamicAdvisedInterceptor.intercept(Ljava/lang/Object;Ljava/lang/reflect/Method;[Ljava/lang/Object;Lorg/springframework/cglib/proxy/MethodProxy;)Ljava/lang/Object;+120
j  com.znd.ei.memdb.dao.MemDbReprositoryImp$$EnhancerBySpringCGLIB$$f3f27f63.findAllRecords(Lcom/znd/ei/memdb/domain/MemTable;)Ljava/util/List;+36
j  com.znd.ei.memdb.dao.AbstractMemTableRepository.findAll()Ljava/lang/Iterable;+16
j  com.znd.ei.memdb.dao.AbstractMemTableRepository$$FastClassBySpringCGLIB$$e018a4fb.invoke(ILjava/lang/Object;[Ljava/lang/Object;)Ljava/lang/Object;+118
j  org.springframework.cglib.proxy.MethodProxy.invoke(Ljava/lang/Object;[Ljava/lang/Object;)Ljava/lang/Object;+19
j  org.springframework.aop.framework.CglibAopProxy$CglibMethodInvocation.invokeJoinpoint()Ljava/lang/Object;+19
j  org.springframework.aop.framework.ReflectiveMethodInvocation.proceed()Ljava/lang/Object;+19
j  org.springframework.dao.support.PersistenceExceptionTranslationInterceptor.invoke(Lorg/aopalliance/intercept/MethodInvocation;)Ljava/lang/Object;+1
j  org.springframework.aop.framework.ReflectiveMethodInvocation.proceed()Ljava/lang/Object;+101
j  org.springframework.aop.framework.CglibAopProxy$DynamicAdvisedInterceptor.intercept(Ljava/lang/Object;Ljava/lang/reflect/Method;[Ljava/lang/Object;Lorg/springframework/cglib/proxy/MethodProxy;)Ljava/lang/Object;+120
j  com.znd.ei.memdb.dao.MemFStateReprository$$EnhancerBySpringCGLIB$$f9042c96.findAll()Ljava/lang/Iterable;+31
j  com.znd.ei.memdb.web.MemFStateControl.getRecords()Ljava/lang/Iterable;+4
v  ~StubRoutines::call_stub
J 1844  sun.reflect.NativeMethodAccessorImpl.invoke0(Ljava/lang/reflect/Method;Ljava/lang/Object;[Ljava/lang/Object;)Ljava/lang/Object; (0 bytes) @ 0x0000000002e965ff [0x0000000002e96580+0x7f]
J 1843 C1 sun.reflect.NativeMethodAccessorImpl.invoke(Ljava/lang/Object;[Ljava/lang/Object;)Ljava/lang/Object; (104 bytes) @ 0x0000000002e99bc4 [0x0000000002e98a00+0x11c4]
J 3937 C2 sun.reflect.DelegatingMethodAccessorImpl.invoke(Ljava/lang/Object;[Ljava/lang/Object;)Ljava/lang/Object; (10 bytes) @ 0x0000000002c96e10 [0x0000000002c96dc0+0x50]
J 3950 C1 java.lang.reflect.Method.invoke(Ljava/lang/Object;[Ljava/lang/Object;)Ljava/lang/Object; (62 bytes) @ 0x00000000029b5edc [0x00000000029b5ac0+0x41c]
j  org.springframework.web.method.support.InvocableHandlerMethod.doInvoke([Ljava/lang/Object;)Ljava/lang/Object;+16
j  org.springframework.web.method.support.InvocableHandlerMethod.invokeForRequest(Lorg/springframework/web/context/request/NativeWebRequest;Lorg/springframework/web/method/support/ModelAndViewContainer;[Ljava/lang/Object;)Ljava/lang/Object;+75
j  org.springframework.web.servlet.mvc.method.annotation.ServletInvocableHandlerMethod.invokeAndHandle(Lorg/springframework/web/context/request/ServletWebRequest;Lorg/springframework/web/method/support/ModelAndViewContainer;[Ljava/lang/Object;)V+4
j  org.springframework.web.servlet.mvc.method.annotation.RequestMappingHandlerAdapter.invokeHandlerMethod(Ljavax/servlet/http/HttpServletRequest;Ljavax/servlet/http/HttpServletResponse;Lorg/springframework/web/method/HandlerMethod;)Lorg/springframework/web/servlet/ModelAndView;+262
j  org.springframework.web.servlet.mvc.method.annotation.RequestMappingHandlerAdapter.handleInternal(Ljavax/servlet/http/HttpServletRequest;Ljavax/servlet/http/HttpServletResponse;Lorg/springframework/web/method/HandlerMethod;)Lorg/springframework/web/servlet/ModelAndView;+81
j  org.springframework.web.servlet.mvc.method.AbstractHandlerMethodAdapter.handle(Ljavax/servlet/http/HttpServletRequest;Ljavax/servlet/http/HttpServletResponse;Ljava/lang/Object;)Lorg/springframework/web/servlet/ModelAndView;+7
j  org.springframework.web.servlet.DispatcherServlet.doDispatch(Ljavax/servlet/http/HttpServletRequest;Ljavax/servlet/http/HttpServletResponse;)V+318
j  org.springframework.web.servlet.DispatcherServlet.doService(Ljavax/servlet/http/HttpServletRequest;Ljavax/servlet/http/HttpServletResponse;)V+301
j  org.springframework.web.servlet.FrameworkServlet.processRequest(Ljavax/servlet/http/HttpServletRequest;Ljavax/servlet/http/HttpServletResponse;)V+71
j  org.springframework.web.servlet.FrameworkServlet.doGet(Ljavax/servlet/http/HttpServletRequest;Ljavax/servlet/http/HttpServletResponse;)V+3
j  javax.servlet.http.HttpServlet.service(Ljavax/servlet/http/HttpServletRequest;Ljavax/servlet/http/HttpServletResponse;)V+35
j  org.springframework.web.servlet.FrameworkServlet.service(Ljavax/servlet/http/HttpServletRequest;Ljavax/servlet/http/HttpServletResponse;)V+33
j  javax.servlet.http.HttpServlet.service(Ljavax/servlet/ServletRequest;Ljavax/servlet/ServletResponse;)V+30
j  org.apache.catalina.core.ApplicationFilterChain.internalDoFilter(Ljavax/servlet/ServletRequest;Ljavax/servlet/ServletResponse;)V+304
j  org.apache.catalina.core.ApplicationFilterChain.doFilter(Ljavax/servlet/ServletRequest;Ljavax/servlet/ServletResponse;)V+101
j  org.apache.tomcat.websocket.server.WsFilter.doFilter(Ljavax/servlet/ServletRequest;Ljavax/servlet/ServletResponse;Ljavax/servlet/FilterChain;)V+21
j  org.apache.catalina.core.ApplicationFilterChain.internalDoFilter(Ljavax/servlet/ServletRequest;Ljavax/servlet/ServletResponse;)V+135
j  org.apache.catalina.core.ApplicationFilterChain.doFilter(Ljavax/servlet/ServletRequest;Ljavax/servlet/ServletResponse;)V+101
j  org.springframework.web.filter.RequestContextFilter.doFilterInternal(Ljavax/servlet/http/HttpServletRequest;Ljavax/servlet/http/HttpServletResponse;Ljavax/servlet/FilterChain;)V+21
j  org.springframework.web.filter.OncePerRequestFilter.doFilter(Ljavax/servlet/ServletRequest;Ljavax/servlet/ServletResponse;Ljavax/servlet/FilterChain;)V+111
j  org.apache.catalina.core.ApplicationFilterChain.internalDoFilter(Ljavax/servlet/ServletRequest;Ljavax/servlet/ServletResponse;)V+135
j  org.apache.catalina.core.ApplicationFilterChain.doFilter(Ljavax/servlet/ServletRequest;Ljavax/servlet/ServletResponse;)V+101
j  org.springframework.web.filter.HttpPutFormContentFilter.doFilterInternal(Ljavax/servlet/http/HttpServletRequest;Ljavax/servlet/http/HttpServletResponse;Ljavax/servlet/FilterChain;)V+87
j  org.springframework.web.filter.OncePerRequestFilter.doFilter(Ljavax/servlet/ServletRequest;Ljavax/servlet/ServletResponse;Ljavax/servlet/FilterChain;)V+111
j  org.apache.catalina.core.ApplicationFilterChain.internalDoFilter(Ljavax/servlet/ServletRequest;Ljavax/servlet/ServletResponse;)V+135
j  org.apache.catalina.core.ApplicationFilterChain.doFilter(Ljavax/servlet/ServletRequest;Ljavax/servlet/ServletResponse;)V+101
j  org.springframework.web.filter.HiddenHttpMethodFilter.doFilterInternal(Ljavax/servlet/http/HttpServletRequest;Ljavax/servlet/http/HttpServletResponse;Ljavax/servlet/FilterChain;)V+64
j  org.springframework.web.filter.OncePerRequestFilter.doFilter(Ljavax/servlet/ServletRequest;Ljavax/servlet/ServletResponse;Ljavax/servlet/FilterChain;)V+111
j  org.apache.catalina.core.ApplicationFilterChain.internalDoFilter(Ljavax/servlet/ServletRequest;Ljavax/servlet/ServletResponse;)V+135
j  org.apache.catalina.core.ApplicationFilterChain.doFilter(Ljavax/servlet/ServletRequest;Ljavax/servlet/ServletResponse;)V+101
j  org.springframework.web.filter.CharacterEncodingFilter.doFilterInternal(Ljavax/servlet/http/HttpServletRequest;Ljavax/servlet/http/HttpServletResponse;Ljavax/servlet/FilterChain;)V+53
j  org.springframework.web.filter.OncePerRequestFilter.doFilter(Ljavax/servlet/ServletRequest;Ljavax/servlet/ServletResponse;Ljavax/servlet/FilterChain;)V+111
j  org.apache.catalina.core.ApplicationFilterChain.internalDoFilter(Ljavax/servlet/ServletRequest;Ljavax/servlet/ServletResponse;)V+135
j  org.apache.catalina.core.ApplicationFilterChain.doFilter(Ljavax/servlet/ServletRequest;Ljavax/servlet/ServletResponse;)V+101
j  org.apache.catalina.core.StandardWrapperValve.invoke(Lorg/apache/catalina/connector/Request;Lorg/apache/catalina/connector/Response;)V+688
j  org.apache.catalina.core.StandardContextValve.invoke(Lorg/apache/catalina/connector/Request;Lorg/apache/catalina/connector/Response;)V+166
j  org.apache.catalina.authenticator.AuthenticatorBase.invoke(Lorg/apache/catalina/connector/Request;Lorg/apache/catalina/connector/Response;)V+272
j  org.apache.catalina.core.StandardHostValve.invoke(Lorg/apache/catalina/connector/Request;Lorg/apache/catalina/connector/Response;)V+138
j  org.apache.catalina.valves.ErrorReportValve.invoke(Lorg/apache/catalina/connector/Request;Lorg/apache/catalina/connector/Response;)V+6
j  org.apache.catalina.core.StandardEngineValve.invoke(Lorg/apache/catalina/connector/Request;Lorg/apache/catalina/connector/Response;)V+71
j  org.apache.catalina.connector.CoyoteAdapter.service(Lorg/apache/coyote/Request;Lorg/apache/coyote/Response;)V+199
j  org.apache.coyote.http11.Http11Processor.service(Lorg/apache/tomcat/util/net/SocketWrapperBase;)Lorg/apache/tomcat/util/net/AbstractEndpoint$Handler$SocketState;+806
j  org.apache.coyote.AbstractProcessorLight.process(Lorg/apache/tomcat/util/net/SocketWrapperBase;Lorg/apache/tomcat/util/net/SocketEvent;)Lorg/apache/tomcat/util/net/AbstractEndpoint$Handler$SocketState;+113
j  org.apache.coyote.AbstractProtocol$ConnectionHandler.process(Lorg/apache/tomcat/util/net/SocketWrapperBase;Lorg/apache/tomcat/util/net/SocketEvent;)Lorg/apache/tomcat/util/net/AbstractEndpoint$Handler$SocketState;+378
j  org.apache.tomcat.util.net.NioEndpoint$SocketProcessor.doRun()V+191
j  org.apache.tomcat.util.net.SocketProcessorBase.run()V+21
j  java.util.concurrent.ThreadPoolExecutor.runWorker(Ljava/util/concurrent/ThreadPoolExecutor$Worker;)V+95
j  java.util.concurrent.ThreadPoolExecutor$Worker.run()V+5
j  org.apache.tomcat.util.threads.TaskThread$WrappingRunnable.run()V+4
j  java.lang.Thread.run()V+11
v  ~StubRoutines::call_stub

---------------  P R O C E S S  ---------------

Java Threads: ( => current thread )
  0x0000000023945000 JavaThread "DestroyJavaVM" [_thread_blocked, id=5748, stack(0x0000000002200000,0x0000000002300000)]
  0x000000002393d800 JavaThread "http-nio-8080-AsyncTimeout" daemon [_thread_blocked, id=13260, stack(0x0000000026af0000,0x0000000026bf0000)]
  0x0000000023944000 JavaThread "http-nio-8080-Acceptor-0" daemon [_thread_in_native, id=13828, stack(0x00000000269f0000,0x0000000026af0000)]
  0x0000000023943800 JavaThread "http-nio-8080-ClientPoller-1" daemon [_thread_in_native, id=8988, stack(0x00000000268f0000,0x00000000269f0000)]
  0x0000000023942000 JavaThread "http-nio-8080-ClientPoller-0" daemon [_thread_in_native, id=12488, stack(0x00000000267f0000,0x00000000268f0000)]
  0x0000000023941000 JavaThread "http-nio-8080-exec-10" daemon [_thread_blocked, id=10496, stack(0x00000000266f0000,0x00000000267f0000)]
  0x0000000023940800 JavaThread "http-nio-8080-exec-9" daemon [_thread_blocked, id=14716, stack(0x00000000265f0000,0x00000000266f0000)]
  0x0000000023942800 JavaThread "http-nio-8080-exec-8" daemon [_thread_blocked, id=10692, stack(0x00000000264f0000,0x00000000265f0000)]
  0x0000000020adc000 JavaThread "http-nio-8080-exec-7" daemon [_thread_blocked, id=4124, stack(0x00000000263f0000,0x00000000264f0000)]
  0x0000000020ad9800 JavaThread "http-nio-8080-exec-6" daemon [_thread_blocked, id=10108, stack(0x00000000262f0000,0x00000000263f0000)]
  0x0000000020ae0800 JavaThread "http-nio-8080-exec-5" daemon [_thread_blocked, id=15052, stack(0x00000000261f0000,0x00000000262f0000)]
  0x0000000020adb000 JavaThread "http-nio-8080-exec-4" daemon [_thread_blocked, id=12404, stack(0x00000000260f0000,0x00000000261f0000)]
=>0x0000000020ae0000 JavaThread "http-nio-8080-exec-3" daemon [_thread_in_native, id=8936, stack(0x0000000025de0000,0x0000000025ee0000)]
  0x0000000020ada800 JavaThread "http-nio-8080-exec-2" daemon [_thread_blocked, id=8144, stack(0x0000000025ce0000,0x0000000025de0000)]
  0x0000000020adf000 JavaThread "http-nio-8080-exec-1" daemon [_thread_blocked, id=13620, stack(0x0000000025be0000,0x0000000025ce0000)]
  0x0000000020ade000 JavaThread "NioBlockingSelector.BlockPoller-1" daemon [_thread_in_native, id=11040, stack(0x0000000025ae0000,0x0000000025be0000)]
  0x000000001d273800 JavaThread "Abandoned connection cleanup thread" daemon [_thread_blocked, id=2804, stack(0x0000000024530000,0x0000000024630000)]
  0x0000000020ea5800 JavaThread "Tomcat JDBC Pool Cleaner[414493378:1502710878123]" daemon [_thread_blocked, id=10420, stack(0x0000000024430000,0x0000000024530000)]
  0x000000001fd08800 JavaThread "container-0" [_thread_blocked, id=3012, stack(0x0000000024330000,0x0000000024430000)]
  0x00000000219dd000 JavaThread "ContainerBackgroundProcessor[StandardEngine[Tomcat]]" daemon [_thread_blocked, id=11568, stack(0x0000000024230000,0x0000000024330000)]
  0x0000000019586800 JavaThread "Service Thread" daemon [_thread_blocked, id=2060, stack(0x000000001a290000,0x000000001a390000)]
  0x00000000194f5000 JavaThread "C1 CompilerThread3" daemon [_thread_blocked, id=4908, stack(0x000000001a190000,0x000000001a290000)]
  0x00000000194f4000 JavaThread "C2 CompilerThread2" daemon [_thread_blocked, id=6736, stack(0x000000001a090000,0x000000001a190000)]
  0x00000000194f2800 JavaThread "C2 CompilerThread1" daemon [_thread_blocked, id=10632, stack(0x0000000019f90000,0x000000001a090000)]
  0x00000000194e9800 JavaThread "C2 CompilerThread0" daemon [_thread_blocked, id=14736, stack(0x0000000019e90000,0x0000000019f90000)]
  0x00000000194db800 JavaThread "JDWP Command Reader" daemon [_thread_in_native, id=5580, stack(0x0000000019d90000,0x0000000019e90000)]
  0x00000000194d8800 JavaThread "JDWP Event Helper Thread" daemon [_thread_blocked, id=11352, stack(0x0000000019c90000,0x0000000019d90000)]
  0x00000000194cd800 JavaThread "JDWP Transport Listener: dt_socket" daemon [_thread_blocked, id=7984, stack(0x0000000019b90000,0x0000000019c90000)]
  0x0000000019471800 JavaThread "Attach Listener" daemon [_thread_blocked, id=13364, stack(0x0000000019a90000,0x0000000019b90000)]
  0x00000000194c8800 JavaThread "Signal Dispatcher" daemon [_thread_blocked, id=1092, stack(0x0000000019990000,0x0000000019a90000)]
  0x0000000019450800 JavaThread "Finalizer" daemon [_thread_blocked, id=15136, stack(0x0000000019830000,0x0000000019930000)]
  0x00000000027ba000 JavaThread "Reference Handler" daemon [_thread_blocked, id=7760, stack(0x0000000019330000,0x0000000019430000)]

Other Threads:
  0x0000000017559000 VMThread [stack: 0x0000000019230000,0x0000000019330000] [id=8656]
  0x00000000195eb800 WatcherThread [stack: 0x000000001a390000,0x000000001a490000] [id=13616]

VM state:not at safepoint (normal execution)

VM Mutex/Monitor currently owned by a thread: None

Heap:
 PSYoungGen      total 188928K, used 39142K [0x00000000d6f80000, 0x00000000e6900000, 0x0000000100000000)
  eden space 174080K, 13% used [0x00000000d6f80000,0x00000000d873f708,0x00000000e1980000)
  from space 14848K, 99% used [0x00000000e1980000,0x00000000e27fa3a8,0x00000000e2800000)
  to   space 16896K, 0% used [0x00000000e5880000,0x00000000e5880000,0x00000000e6900000)
 ParOldGen       total 87552K, used 22662K [0x0000000084e00000, 0x000000008a380000, 0x00000000d6f80000)
  object space 87552K, 25% used [0x0000000084e00000,0x0000000086421928,0x000000008a380000)
 Metaspace       used 45889K, capacity 46398K, committed 46720K, reserved 1089536K
  class space    used 5860K, capacity 5982K, committed 6016K, reserved 1048576K

Card table byte_map: [0x0000000011b80000,0x0000000011f60000] byte_map_base: 0x0000000011759000

Marking Bits: (ParMarkBitMap*) 0x00000000589cc720
 Begin Bits: [0x0000000012a00000, 0x00000000148c8000)
 End Bits:   [0x00000000148c8000, 0x0000000016790000)

Polling page: 0x00000000005a0000

CodeCache: size=245760Kb used=16531Kb max_used=17158Kb free=229228Kb
 bounds [0x00000000027c0000, 0x00000000038b0000, 0x00000000117c0000]
 total_blobs=4369 nmethods=3857 adapters=431
 compilation: enabled

Compilation events (10 events):
Event: 17.377 Thread 0x00000000194f4000 4436       4       org.springframework.asm.Frame::type (416 bytes)
Event: 17.378 Thread 0x00000000194f5000 4437       3       java.lang.Integer::numberOfLeadingZeros (76 bytes)
Event: 17.378 Thread 0x00000000194f5000 nmethod 4437 0x00000000029008d0 code [0x0000000002900a40, 0x0000000002900cf0]
Event: 17.439 Thread 0x00000000194f4000 nmethod 4436 0x00000000033bb8d0 code [0x00000000033bbd80, 0x00000000033be8b0]
Event: 27.026 Thread 0x00000000194f5000 4438       1       java.nio.channels.spi.AbstractSelector::cancelledKeys (5 bytes)
Event: 27.026 Thread 0x00000000194f5000 nmethod 4438 0x00000000029f6790 code [0x00000000029f68e0, 0x00000000029f69f0]
Event: 32.746 Thread 0x00000000194f5000 4439       3       java.util.EventObject::<init> (24 bytes)
Event: 32.746 Thread 0x00000000194f5000 nmethod 4439 0x0000000002c53a50 code [0x0000000002c53be0, 0x0000000002c53ec8]
Event: 35.012 Thread 0x00000000194f5000 4440   !   3       sun.nio.ch.WindowsSelectorImpl$SubSelector::processFDSet (374 bytes)
Event: 35.013 Thread 0x00000000194f5000 nmethod 4440 0x0000000002f4c890 code [0x0000000002f4cb80, 0x0000000002f4e608]

GC Heap History (10 events):
Event: 2.101 GC heap before
{Heap before GC invocations=7 (full 1):
 PSYoungGen      total 68608K, used 63488K [0x00000000d6f80000, 0x00000000dfd80000, 0x0000000100000000)
  eden space 63488K, 100% used [0x00000000d6f80000,0x00000000dad80000,0x00000000dad80000)
  from space 5120K, 0% used [0x00000000dad80000,0x00000000dad80000,0x00000000db280000)
  to   space 9216K, 0% used [0x00000000df480000,0x00000000df480000,0x00000000dfd80000)
 ParOldGen       total 51200K, used 6581K [0x0000000084e00000, 0x0000000088000000, 0x00000000d6f80000)
  object space 51200K, 12% used [0x0000000084e00000,0x000000008546d4d0,0x0000000088000000)
 Metaspace       used 24392K, capacity 24810K, committed 25216K, reserved 1071104K
  class space    used 2983K, capacity 3076K, committed 3200K, reserved 1048576K
Event: 2.108 GC heap after
Heap after GC invocations=7 (full 1):
 PSYoungGen      total 113664K, used 5703K [0x00000000d6f80000, 0x00000000dfa80000, 0x0000000100000000)
  eden space 107520K, 0% used [0x00000000d6f80000,0x00000000d6f80000,0x00000000dd880000)
  from space 6144K, 92% used [0x00000000df480000,0x00000000dfa11f80,0x00000000dfa80000)
  to   space 9216K, 0% used [0x00000000de880000,0x00000000de880000,0x00000000df180000)
 ParOldGen       total 51200K, used 6589K [0x0000000084e00000, 0x0000000088000000, 0x00000000d6f80000)
  object space 51200K, 12% used [0x0000000084e00000,0x000000008546f4d0,0x0000000088000000)
 Metaspace       used 24392K, capacity 24810K, committed 25216K, reserved 1071104K
  class space    used 2983K, capacity 3076K, committed 3200K, reserved 1048576K
}
Event: 2.964 GC heap before
{Heap before GC invocations=8 (full 1):
 PSYoungGen      total 113664K, used 113223K [0x00000000d6f80000, 0x00000000dfa80000, 0x0000000100000000)
  eden space 107520K, 100% used [0x00000000d6f80000,0x00000000dd880000,0x00000000dd880000)
  from space 6144K, 92% used [0x00000000df480000,0x00000000dfa11f80,0x00000000dfa80000)
  to   space 9216K, 0% used [0x00000000de880000,0x00000000de880000,0x00000000df180000)
 ParOldGen       total 51200K, used 6589K [0x0000000084e00000, 0x0000000088000000, 0x00000000d6f80000)
  object space 51200K, 12% used [0x0000000084e00000,0x000000008546f4d0,0x0000000088000000)
 Metaspace       used 29014K, capacity 29442K, committed 29824K, reserved 1075200K
  class space    used 3562K, capacity 3656K, committed 3712K, reserved 1048576K
Event: 2.973 GC heap after
Heap after GC invocations=8 (full 1):
 PSYoungGen      total 133120K, used 9208K [0x00000000d6f80000, 0x00000000e3380000, 0x0000000100000000)
  eden space 123904K, 0% used [0x00000000d6f80000,0x00000000d6f80000,0x00000000de880000)
  from space 9216K, 99% used [0x00000000de880000,0x00000000df17e158,0x00000000df180000)
  to   space 11776K, 0% used [0x00000000e2800000,0x00000000e2800000,0x00000000e3380000)
 ParOldGen       total 51200K, used 10214K [0x0000000084e00000, 0x0000000088000000, 0x00000000d6f80000)
  object space 51200K, 19% used [0x0000000084e00000,0x00000000857f98c0,0x0000000088000000)
 Metaspace       used 29014K, capacity 29442K, committed 29824K, reserved 1075200K
  class space    used 3562K, capacity 3656K, committed 3712K, reserved 1048576K
}
Event: 3.575 GC heap before
{Heap before GC invocations=9 (full 1):
 PSYoungGen      total 133120K, used 57673K [0x00000000d6f80000, 0x00000000e3380000, 0x0000000100000000)
  eden space 123904K, 39% used [0x00000000d6f80000,0x00000000d9ed44b0,0x00000000de880000)
  from space 9216K, 99% used [0x00000000de880000,0x00000000df17e158,0x00000000df180000)
  to   space 11776K, 0% used [0x00000000e2800000,0x00000000e2800000,0x00000000e3380000)
 ParOldGen       total 51200K, used 10214K [0x0000000084e00000, 0x0000000088000000, 0x00000000d6f80000)
  object space 51200K, 19% used [0x0000000084e00000,0x00000000857f98c0,0x0000000088000000)
 Metaspace       used 34867K, capacity 35282K, committed 35456K, reserved 1081344K
  class space    used 4359K, capacity 4464K, committed 4480K, reserved 1048576K
Event: 3.587 GC heap after
Heap after GC invocations=9 (full 1):
 PSYoungGen      total 185856K, used 11766K [0x00000000d6f80000, 0x00000000e5100000, 0x0000000100000000)
  eden space 174080K, 0% used [0x00000000d6f80000,0x00000000d6f80000,0x00000000e1980000)
  from space 11776K, 99% used [0x00000000e2800000,0x00000000e337dbc8,0x00000000e3380000)
  to   space 14848K, 0% used [0x00000000e1980000,0x00000000e1980000,0x00000000e2800000)
 ParOldGen       total 51200K, used 13745K [0x0000000084e00000, 0x0000000088000000, 0x00000000d6f80000)
  object space 51200K, 26% used [0x0000000084e00000,0x0000000085b6c720,0x0000000088000000)
 Metaspace       used 34867K, capacity 35282K, committed 35456K, reserved 1081344K
  class space    used 4359K, capacity 4464K, committed 4480K, reserved 1048576K
}
Event: 3.587 GC heap before
{Heap before GC invocations=10 (full 2):
 PSYoungGen      total 185856K, used 11766K [0x00000000d6f80000, 0x00000000e5100000, 0x0000000100000000)
  eden space 174080K, 0% used [0x00000000d6f80000,0x00000000d6f80000,0x00000000e1980000)
  from space 11776K, 99% used [0x00000000e2800000,0x00000000e337dbc8,0x00000000e3380000)
  to   space 14848K, 0% used [0x00000000e1980000,0x00000000e1980000,0x00000000e2800000)
 ParOldGen       total 51200K, used 13745K [0x0000000084e00000, 0x0000000088000000, 0x00000000d6f80000)
  object space 51200K, 26% used [0x0000000084e00000,0x0000000085b6c720,0x0000000088000000)
 Metaspace       used 34867K, capacity 35282K, committed 35456K, reserved 1081344K
  class space    used 4359K, capacity 4464K, committed 4480K, reserved 1048576K
Event: 3.674 GC heap after
Heap after GC invocations=10 (full 2):
 PSYoungGen      total 185856K, used 0K [0x00000000d6f80000, 0x00000000e5100000, 0x0000000100000000)
  eden space 174080K, 0% used [0x00000000d6f80000,0x00000000d6f80000,0x00000000e1980000)
  from space 11776K, 0% used [0x00000000e2800000,0x00000000e2800000,0x00000000e3380000)
  to   space 14848K, 0% used [0x00000000e1980000,0x00000000e1980000,0x00000000e2800000)
 ParOldGen       total 87552K, used 21867K [0x0000000084e00000, 0x000000008a380000, 0x00000000d6f80000)
  object space 87552K, 24% used [0x0000000084e00000,0x000000008635ac58,0x000000008a380000)
 Metaspace       used 34867K, capacity 35282K, committed 35456K, reserved 1081344K
  class space    used 4359K, capacity 4464K, committed 4480K, reserved 1048576K
}
Event: 5.895 GC heap before
{Heap before GC invocations=11 (full 2):
 PSYoungGen      total 185856K, used 174080K [0x00000000d6f80000, 0x00000000e5100000, 0x0000000100000000)
  eden space 174080K, 100% used [0x00000000d6f80000,0x00000000e1980000,0x00000000e1980000)
  from space 11776K, 0% used [0x00000000e2800000,0x00000000e2800000,0x00000000e3380000)
  to   space 14848K, 0% used [0x00000000e1980000,0x00000000e1980000,0x00000000e2800000)
 ParOldGen       total 87552K, used 21867K [0x0000000084e00000, 0x000000008a380000, 0x00000000d6f80000)
  object space 87552K, 24% used [0x0000000084e00000,0x000000008635ac58,0x000000008a380000)
 Metaspace       used 44377K, capacity 44794K, committed 45056K, reserved 1089536K
  class space    used 5671K, capacity 5788K, committed 5888K, reserved 1048576K
Event: 5.907 GC heap after
Heap after GC invocations=11 (full 2):
 PSYoungGen      total 188928K, used 14824K [0x00000000d6f80000, 0x00000000e6900000, 0x0000000100000000)
  eden space 174080K, 0% used [0x00000000d6f80000,0x00000000d6f80000,0x00000000e1980000)
  from space 14848K, 99% used [0x00000000e1980000,0x00000000e27fa3a8,0x00000000e2800000)
  to   space 16896K, 0% used [0x00000000e5880000,0x00000000e5880000,0x00000000e6900000)
 ParOldGen       total 87552K, used 22662K [0x0000000084e00000, 0x000000008a380000, 0x00000000d6f80000)
  object space 87552K, 25% used [0x0000000084e00000,0x0000000086421928,0x000000008a380000)
 Metaspace       used 44377K, capacity 44794K, committed 45056K, reserved 1089536K
  class space    used 5671K, capacity 5788K, committed 5888K, reserved 1048576K
}

Deoptimization events (10 events):
Event: 10.843 Thread 0x0000000020ae0000 Uncommon trap: reason=unhandled action=none pc=0x00000000034f62d4 method=java.net.URLClassLoader.findClass(Ljava/lang/String;)Ljava/lang/Class; @ 44
Event: 10.843 Thread 0x0000000020ae0000 Uncommon trap: reason=unhandled action=none pc=0x00000000034f62d4 method=java.net.URLClassLoader.findClass(Ljava/lang/String;)Ljava/lang/Class; @ 44
Event: 10.844 Thread 0x0000000020ae0000 Uncommon trap: reason=unhandled action=none pc=0x00000000034f62d4 method=java.net.URLClassLoader.findClass(Ljava/lang/String;)Ljava/lang/Class; @ 44
Event: 10.844 Thread 0x0000000020ae0000 Uncommon trap: reason=unhandled action=none pc=0x00000000034f62d4 method=java.net.URLClassLoader.findClass(Ljava/lang/String;)Ljava/lang/Class; @ 44
Event: 10.844 Thread 0x0000000020ae0000 Uncommon trap: reason=unhandled action=none pc=0x00000000034f62d4 method=java.net.URLClassLoader.findClass(Ljava/lang/String;)Ljava/lang/Class; @ 44
Event: 10.845 Thread 0x0000000020ae0000 Uncommon trap: reason=unhandled action=none pc=0x00000000034f62d4 method=java.net.URLClassLoader.findClass(Ljava/lang/String;)Ljava/lang/Class; @ 44
Event: 10.845 Thread 0x0000000020ae0000 Uncommon trap: reason=unhandled action=none pc=0x00000000034f62d4 method=java.net.URLClassLoader.findClass(Ljava/lang/String;)Ljava/lang/Class; @ 44
Event: 17.377 Thread 0x0000000020ae0000 Uncommon trap: reason=unstable_if action=reinterpret pc=0x00000000030e958c method=java.lang.ClassLoader.checkCerts(Ljava/lang/String;Ljava/security/CodeSource;)V @ 29
Event: 32.746 Thread 0x00000000219dd000 Uncommon trap: reason=unhandled action=none pc=0x00000000034f62d4 method=java.net.URLClassLoader.findClass(Ljava/lang/String;)Ljava/lang/Class; @ 44
Event: 32.746 Thread 0x00000000219dd000 Uncommon trap: reason=unhandled action=none pc=0x00000000034f62d4 method=java.net.URLClassLoader.findClass(Ljava/lang/String;)Ljava/lang/Class; @ 44

Internal exceptions (10 events):
Event: 10.804 Thread 0x0000000020ae0000 Exception <a 'java/lang/ClassNotFoundException': org/springframework/web/servlet/ThemeResolverCustomizer> (0x00000000d82c75d8) thrown at [C:\re\workspace\8-2-build-windows-amd64-cygwin\jdk8u131\8869\hotspot\src\share\vm\classfile\systemDictionary.cpp, lin
Event: 10.807 Thread 0x0000000020ae0000 Exception <a 'java/lang/ClassNotFoundException': java/lang/ObjectCustomizer> (0x00000000d82e6b80) thrown at [C:\re\workspace\8-2-build-windows-amd64-cygwin\jdk8u131\8869\hotspot\src\share\vm\classfile\systemDictionary.cpp, line 210]
Event: 10.808 Thread 0x0000000020ae0000 Exception <a 'java/lang/ClassNotFoundException': org/springframework/web/servlet/view/DefaultRequestToViewNameTranslatorCustomizer> (0x00000000d82ffc40) thrown at [C:\re\workspace\8-2-build-windows-amd64-cygwin\jdk8u131\8869\hotspot\src\share\vm\classfile
Event: 10.808 Thread 0x0000000020ae0000 Exception <a 'java/lang/ClassNotFoundException': org/springframework/web/servlet/RequestToViewNameTranslatorCustomizer> (0x00000000d8324d80) thrown at [C:\re\workspace\8-2-build-windows-amd64-cygwin\jdk8u131\8869\hotspot\src\share\vm\classfile\systemDicti
Event: 10.811 Thread 0x0000000020ae0000 Exception <a 'java/lang/ClassNotFoundException': java/lang/ObjectCustomizer> (0x00000000d8353040) thrown at [C:\re\workspace\8-2-build-windows-amd64-cygwin\jdk8u131\8869\hotspot\src\share\vm\classfile\systemDictionary.cpp, line 210]
Event: 10.812 Thread 0x0000000020ae0000 Exception <a 'java/lang/ClassNotFoundException': org/springframework/web/servlet/support/AbstractFlashMapManagerCustomizer> (0x00000000d836aa38) thrown at [C:\re\workspace\8-2-build-windows-amd64-cygwin\jdk8u131\8869\hotspot\src\share\vm\classfile\systemD
Event: 10.813 Thread 0x0000000020ae0000 Exception <a 'java/lang/ClassNotFoundException': org/springframework/web/servlet/support/SessionFlashMapManagerCustomizer> (0x00000000d83862b8) thrown at [C:\re\workspace\8-2-build-windows-amd64-cygwin\jdk8u131\8869\hotspot\src\share\vm\classfile\systemDi
Event: 10.814 Thread 0x0000000020ae0000 Exception <a 'java/lang/ClassNotFoundException': org/springframework/web/servlet/FlashMapManagerCustomizer> (0x00000000d839a3c0) thrown at [C:\re\workspace\8-2-build-windows-amd64-cygwin\jdk8u131\8869\hotspot\src\share\vm\classfile\systemDictionary.cpp, l
Event: 10.841 Thread 0x0000000020ae0000 Implicit null exception at 0x000000000384c2fb to 0x000000000385e7fd
Event: 17.377 Thread 0x0000000020ae0000 Implicit null exception at 0x00000000030e6b2e to 0x00000000030e956d

Events (10 events):
Event: 42.280 Executing VM operation: GetCurrentLocation
Event: 42.280 Executing VM operation: GetCurrentLocation done
Event: 42.280 Executing VM operation: ChangeSingleStep
Event: 42.280 Executing VM operation: ChangeSingleStep done
Event: 42.281 Executing VM operation: ChangeSingleStep
Event: 42.281 Executing VM operation: ChangeSingleStep done
Event: 42.281 Executing VM operation: GetCurrentLocation
Event: 42.281 Executing VM operation: GetCurrentLocation done
Event: 42.281 Executing VM operation: ChangeSingleStep
Event: 42.281 Executing VM operation: ChangeSingleStep done


Dynamic libraries:
0x00007ff7075d0000 - 0x00007ff707607000 	C:\Program Files\Java\jdk1.8.0_131\bin\javaw.exe
0x00007ff8bed60000 - 0x00007ff8bef3b000 	C:\WINDOWS\SYSTEM32\ntdll.dll
0x00007ff8be5a0000 - 0x00007ff8be64e000 	C:\WINDOWS\System32\KERNEL32.DLL
0x00007ff8bb850000 - 0x00007ff8bba99000 	C:\WINDOWS\System32\KERNELBASE.dll
0x00007ff8be170000 - 0x00007ff8be211000 	C:\WINDOWS\System32\ADVAPI32.dll
0x00007ff8bde80000 - 0x00007ff8bdf1d000 	C:\WINDOWS\System32\msvcrt.dll
0x00007ff8be070000 - 0x00007ff8be0c9000 	C:\WINDOWS\System32\sechost.dll
0x00007ff8bc820000 - 0x00007ff8bc945000 	C:\WINDOWS\System32\RPCRT4.dll
0x00007ff8bc430000 - 0x00007ff8bc57a000 	C:\WINDOWS\System32\USER32.dll
0x00007ff8bb280000 - 0x00007ff8bb29e000 	C:\WINDOWS\System32\win32u.dll
0x00007ff8bc650000 - 0x00007ff8bc677000 	C:\WINDOWS\System32\GDI32.dll
0x00007ff8bb620000 - 0x00007ff8bb7a8000 	C:\WINDOWS\System32\gdi32full.dll
0x00007ff8bb7b0000 - 0x00007ff8bb84a000 	C:\WINDOWS\System32\msvcp_win.dll
0x00007ff8bb4d0000 - 0x00007ff8bb5c6000 	C:\WINDOWS\System32\ucrtbase.dll
0x00007ff8ad150000 - 0x00007ff8ad3b7000 	C:\WINDOWS\WinSxS\amd64_microsoft.windows.common-controls_6595b64144ccf1df_6.0.15063.483_none_26002d27e7c744a2\COMCTL32.dll
0x00007ff8be2a0000 - 0x00007ff8be599000 	C:\WINDOWS\System32\combase.dll
0x00007ff8bbb50000 - 0x00007ff8bbbba000 	C:\WINDOWS\System32\bcryptPrimitives.dll
0x00007ff8bc950000 - 0x00007ff8bc97d000 	C:\WINDOWS\System32\IMM32.DLL
0x0000000057250000 - 0x0000000057322000 	C:\Program Files\Java\jdk1.8.0_131\jre\bin\msvcr100.dll
0x00000000581b0000 - 0x0000000058a4c000 	C:\Program Files\Java\jdk1.8.0_131\jre\bin\server\jvm.dll
0x00007ff8bebc0000 - 0x00007ff8bebc8000 	C:\WINDOWS\System32\PSAPI.DLL
0x00007ff8b0400000 - 0x00007ff8b0409000 	C:\WINDOWS\SYSTEM32\WSOCK32.dll
0x00007ff8b34c0000 - 0x00007ff8b34e3000 	C:\WINDOWS\SYSTEM32\WINMM.dll
0x00007ff8b03f0000 - 0x00007ff8b03fa000 	C:\WINDOWS\SYSTEM32\VERSION.dll
0x00007ff8bc580000 - 0x00007ff8bc5ec000 	C:\WINDOWS\System32\WS2_32.dll
0x00007ff8b3340000 - 0x00007ff8b336b000 	C:\WINDOWS\SYSTEM32\WINMMBASE.dll
0x00007ff8bb5d0000 - 0x00007ff8bb619000 	C:\WINDOWS\System32\cfgmgr32.dll
0x0000000058f40000 - 0x0000000058f4f000 	C:\Program Files\Java\jdk1.8.0_131\jre\bin\verify.dll
0x0000000058f10000 - 0x0000000058f39000 	C:\Program Files\Java\jdk1.8.0_131\jre\bin\java.dll
0x0000000057040000 - 0x0000000057075000 	C:\Program Files\Java\jdk1.8.0_131\jre\bin\jdwp.dll
0x0000000058ec0000 - 0x0000000058ec8000 	C:\Program Files\Java\jdk1.8.0_131\jre\bin\npt.dll
0x0000000058ef0000 - 0x0000000058f06000 	C:\Program Files\Java\jdk1.8.0_131\jre\bin\zip.dll
0x00007ff8bc980000 - 0x00007ff8bddb7000 	C:\WINDOWS\System32\SHELL32.dll
0x00007ff8bddc0000 - 0x00007ff8bde6a000 	C:\WINDOWS\System32\shcore.dll
0x00007ff8bbbc0000 - 0x00007ff8bc2b3000 	C:\WINDOWS\System32\windows.storage.dll
0x00007ff8bec90000 - 0x00007ff8bece1000 	C:\WINDOWS\System32\shlwapi.dll
0x00007ff8bb240000 - 0x00007ff8bb251000 	C:\WINDOWS\System32\kernel.appcore.dll
0x00007ff8bb1d0000 - 0x00007ff8bb21c000 	C:\WINDOWS\System32\powrprof.dll
0x00007ff8bb220000 - 0x00007ff8bb235000 	C:\WINDOWS\System32\profapi.dll
0x0000000057030000 - 0x0000000057039000 	C:\Program Files\Java\jdk1.8.0_131\jre\bin\dt_socket.dll
0x00007ff8ab100000 - 0x00007ff8ab116000 	C:\WINDOWS\system32\napinsp.dll
0x00007ff8ab0e0000 - 0x00007ff8ab0fa000 	C:\WINDOWS\system32\pnrpnsp.dll
0x00007ff8b7c60000 - 0x00007ff8b7c78000 	C:\WINDOWS\system32\NLAapi.dll
0x00007ff8baae0000 - 0x00007ff8bab3c000 	C:\WINDOWS\System32\mswsock.dll
0x00007ff8ba8c0000 - 0x00007ff8ba964000 	C:\WINDOWS\SYSTEM32\DNSAPI.dll
0x00007ff8bed50000 - 0x00007ff8bed58000 	C:\WINDOWS\System32\NSI.dll
0x00007ff8ba880000 - 0x00007ff8ba8b7000 	C:\WINDOWS\SYSTEM32\IPHLPAPI.DLL
0x00007ff8ad830000 - 0x00007ff8ad83e000 	C:\WINDOWS\System32\winrnr.dll
0x00007ff8ab0c0000 - 0x00007ff8ab0d5000 	C:\WINDOWS\System32\wshbth.dll
0x00007ff8b3f10000 - 0x00007ff8b3f7b000 	C:\WINDOWS\System32\fwpuclnt.dll
0x00007ff8bad90000 - 0x00007ff8badb5000 	C:\WINDOWS\SYSTEM32\bcrypt.dll
0x00007ff8b3bb0000 - 0x00007ff8b3bba000 	C:\Windows\System32\rasadhlp.dll
0x0000000057020000 - 0x000000005702d000 	C:\Program Files\Java\jdk1.8.0_131\jre\bin\management.dll
0x0000000058ed0000 - 0x0000000058eea000 	C:\Program Files\Java\jdk1.8.0_131\jre\bin\net.dll
0x0000000058dd0000 - 0x0000000058de1000 	C:\Program Files\Java\jdk1.8.0_131\jre\bin\nio.dll
0x00007ff8bac80000 - 0x00007ff8bac97000 	C:\WINDOWS\SYSTEM32\CRYPTSP.dll
0x00007ff8ba700000 - 0x00007ff8ba734000 	C:\WINDOWS\system32\rsaenh.dll
0x00007ff8bb0d0000 - 0x00007ff8bb0f9000 	C:\WINDOWS\SYSTEM32\USERENV.dll
0x00007ff8baca0000 - 0x00007ff8bacab000 	C:\WINDOWS\SYSTEM32\CRYPTBASE.dll
0x00007ff8b51a0000 - 0x00007ff8b51b6000 	C:\WINDOWS\SYSTEM32\dhcpcsvc6.DLL
0x00007ff8b5180000 - 0x00007ff8b519a000 	C:\WINDOWS\SYSTEM32\dhcpcsvc.DLL
0x00007ff8b7f60000 - 0x00007ff8b7f6f000 	E:\ZNDCWare\bin_x64\MemDBJniApi.dll
0x0000000058cc0000 - 0x0000000058d93000 	C:\WINDOWS\WinSxS\amd64_microsoft.vc90.crt_1fc8b3b9a1e18e3b_9.0.30729.9279_none_08e667efa83ba076\MSVCP90.dll
0x000000005a010000 - 0x000000005a0b3000 	C:\WINDOWS\WinSxS\amd64_microsoft.vc90.crt_1fc8b3b9a1e18e3b_9.0.30729.9279_none_08e667efa83ba076\MSVCR90.dll
0x00007ff8b6d00000 - 0x00007ff8b6d15000 	E:\ZNDCWare\bin_x64\MemDBApi.dll
0x00007ff8ac5a0000 - 0x00007ff8ac603000 	E:\ZNDCWare\bin_x64\PGMemDB.dll
0x00007ff8b6370000 - 0x00007ff8b6385000 	E:\ZNDCWare\bin_x64\GraphicMemDB.dll
0x00007ff8b63b0000 - 0x00007ff8b63d7000 	E:\ZNDCWare\bin_x64\ThermalMemDB.dll
0x00007ff8ab9f0000 - 0x00007ff8aba91000 	E:\ZNDCWare\bin_x64\BpaMemDB.dll
0x00007ff8b6120000 - 0x00007ff8b6135000 	E:\ZNDCWare\bin_x64\LFMemDB.dll
0x00007ff8b9350000 - 0x00007ff8b9371000 	E:\ZNDCWare\bin_x64\PRMemDB.dll
0x00007ff8b08b0000 - 0x00007ff8b0a59000 	C:\WINDOWS\SYSTEM32\dbghelp.dll

VM Arguments:
jvm_args: -agentlib:jdwp=transport=dt_socket,suspend=y,address=localhost:23012 -Dfile.encoding=UTF-8 
java_command: com.znd.ei.Application
java_class_path (initial): D:\GitHub\cim2ddl\code\ei-cim\ei-model\target\classes;C:\Users\ThinkPad\.m2\repository\org\springframework\boot\spring-boot-starter-web\1.5.6.RELEASE\spring-boot-starter-web-1.5.6.RELEASE.jar;C:\Users\ThinkPad\.m2\repository\org\springframework\boot\spring-boot-starter\1.5.6.RELEASE\spring-boot-starter-1.5.6.RELEASE.jar;C:\Users\ThinkPad\.m2\repository\org\springframework\boot\spring-boot\1.5.6.RELEASE\spring-boot-1.5.6.RELEASE.jar;C:\Users\ThinkPad\.m2\repository\org\springframework\boot\spring-boot-autoconfigure\1.5.6.RELEASE\spring-boot-autoconfigure-1.5.6.RELEASE.jar;C:\Users\ThinkPad\.m2\repository\org\springframework\boot\spring-boot-starter-logging\1.5.6.RELEASE\spring-boot-starter-logging-1.5.6.RELEASE.jar;C:\Users\ThinkPad\.m2\repository\ch\qos\logback\logback-classic\1.1.11\logback-classic-1.1.11.jar;C:\Users\ThinkPad\.m2\repository\ch\qos\logback\logback-core\1.1.11\logback-core-1.1.11.jar;C:\Users\ThinkPad\.m2\repository\org\slf4j\jul-to-slf4j\1.7.25\jul-to-slf4j-1.7.25.jar;C:\Users\ThinkPad\.m2\repository\org\slf4j\log4j-over-slf4j\1.7.25\log4j-over-slf4j-1.7.25.jar;C:\Users\ThinkPad\.m2\repository\org\springframework\spring-core\4.3.10.RELEASE\spring-core-4.3.10.RELEASE.jar;C:\Users\ThinkPad\.m2\repository\org\yaml\snakeyaml\1.17\snakeyaml-1.17.jar;C:\Users\ThinkPad\.m2\repository\org\springframework\boot\spring-boot-starter-tomcat\1.5.6.RELEASE\spring-boot-starter-tomcat-1.5.6.RELEASE.jar;C:\Users\ThinkPad\.m2\repository\org\apache\tomcat\embed\tomcat-embed-core\8.5.16\tomcat-embed-core-8.5.16.jar;C:\Users\ThinkPad\.m2\repository\org\apache\tomcat\embed\tomcat-embed-el\8.5.16\tomcat-embed-el-8.5.16.jar;C:\Users\ThinkPad\.m2\repository\org\apache\tomcat\embed\tomcat-embed-websocket\8.5.16\tomcat-embed-websocket-8.5.16.jar;C:\Users\ThinkPad\.m2\repository\org\hibernate\hibernate-validator\5.3.5.Final\hibernate-validator-5.3.5.Final.jar;C:\Users\ThinkPad\.m2\repository\javax\validation\validation-api\1.1.0.Final\validation-ap
Launcher Type: SUN_STANDARD

Environment Variables:
JAVA_HOME=C:\Program Files\Java\jdk1.8.0_131
PATH=C:\Program Files\Java\jdk1.8.0_131\jre\bin;C:/Program Files/Java/jdk1.8.0_131/bin/../jre/bin/server;C:/Program Files/Java/jdk1.8.0_131/bin/../jre/bin;C:/Program Files/Java/jdk1.8.0_131/bin/../jre/lib/amd64;C:\Program Files\Java\jdk1.8.0_131\bin;C:\ProgramData\Oracle\Java\javapath;C:\Program Files (x86)\Intel\iCLS Client\;C:\Program Files\Intel\iCLS Client\;C:\Windows\system32;D:\apache-maven-3.5.0\bin;C:\Windows;C:\Windows\System32\Wbem;C:\Windows\System32\WindowsPowerShell\v1.0\;C:\Program Files (x86)\NVIDIA Corporation\PhysX\Common;C:\Program Files\Intel\WiFi\bin\;C:\Program Files\Common Files\Intel\WirelessCommon\;C:\Program Files (x86)\Intel\Intel(R) Management Engine Components\DAL;C:\Program Files\Intel\Intel(R) Management Engine Components\DAL;C:\Program Files (x86)\Intel\Intel(R) Management Engine Components\IPT;C:\Program Files\Intel\Intel(R) Management Engine Components\IPT;C:\Program Files (x86)\Windows Kits\8.1\Windows Performance Toolkit\;C:\Program Files\Microsoft SQL Server\110\Tools\Binn\;C:\WINDOWS\system32;C:\WINDOWS;C:\WINDOWS\System32\Wbem;C:\WINDOWS\System32\WindowsPowerShell\v1.0\;D:\gradle\gradle-4.0.1\bin;C:\Program Files\MySQL\MySQL Server 5.6\bin;C:\MySQL Fabric\;C:\MySQL Fabric\Doctrine extensions for PHP\;C:\Program Files\Git\cmd;C:\Program Files (x86)\Microsoft SQL Server\90\Tools\binn\;C:\Program Files\TortoiseSVN\bin;C:\Users\ThinkPad\AppData\Local\Microsoft\WindowsApps;C:\Program Files\Intel\WiFi\bin\;C:\Program Files\Common Files\Intel\WirelessCommon\;C:\Users\ThinkPad\AppData\Local\GitHubDesktop\bin;E:\ZNDCWare\bin_x64;;C:\dev tools\eclipse-jee-luna-SR2-win32-x86_64;
USERNAME=ThinkPad
OS=Windows_NT
PROCESSOR_IDENTIFIER=Intel64 Family 6 Model 158 Stepping 9, GenuineIntel



---------------  S Y S T E M  ---------------

OS: Windows 10.0 , 64 bit Build 15063 (10.0.15063.296)

CPU:total 8 (initial active 8) (4 cores per cpu, 2 threads per core) family 6 model 158 stepping 9, cmov, cx8, fxsr, mmx, sse, sse2, sse3, ssse3, sse4.1, sse4.2, popcnt, avx, avx2, aes, clmul, erms, 3dnowpref, lzcnt, ht, tsc, tscinvbit, bmi1, bmi2, adx

Memory: 4k page, physical 8068528k(2604320k free), swap 10321560k(1619340k free)

vm_info: Java HotSpot(TM) 64-Bit Server VM (25.131-b11) for windows-amd64 JRE (1.8.0_131-b11), built on Mar 15 2017 01:23:53 by "java_re" with MS VC++ 10.0 (VS2010)

time: Mon Aug 14 19:41:57 2017
elapsed time: 42 seconds (0d 0h 0m 42s)

